<?xml version="1.0" encoding="UTF-8"?>
<!-- Generated by org.testng.reporters.JUnitReportReporter -->
<testsuite hostname="IRSYADMA" failures="0" tests="4" name="com.test.kerja.sqa.sqamobileappiumjavabdd.TestCalculatorApps" time="11.961" errors="0" timestamp="2022-11-29T23:43:06 ICT" skipped="0">
  <testcase classname="com.test.kerja.sqa.sqamobileappiumjavabdd.TestCalculatorApps" name="fungsi1Tambah" time="2.754"/>
  <system-out/>
  <testcase classname="com.test.kerja.sqa.sqamobileappiumjavabdd.TestCalculatorApps" name="fungsi2Kali" time="2.787"/>
  <system-out/>
  <testcase classname="com.test.kerja.sqa.sqamobileappiumjavabdd.TestCalculatorApps" name="fungsi22Kali" time="3.179"/>
  <system-out/>
  <testcase classname="com.test.kerja.sqa.sqamobileappiumjavabdd.TestCalculatorApps" name="fungsi222Kali" time="3.241"/>
  <system-out/>
</testsuite> <!-- com.test.kerja.sqa.sqamobileappiumjavabdd.TestCalculatorApps -->
