<?xml version="1.0" encoding="UTF-8"?>
<!-- Generated by org.testng.reporters.JUnitReportReporter -->
<testsuite hostname="IRSYADMA" failures="0" tests="4" name="com.test.kerja.sqa.sqamobileappiumjavabdd.TestCalculatorApps" time="11.357" errors="0" timestamp="2023-08-25T13:46:45 ICT" skipped="0">
  <testcase classname="com.test.kerja.sqa.sqamobileappiumjavabdd.TestCalculatorApps" name="fungsi1Tambah" time="2.573"/>
  <system-out/>
  <testcase classname="com.test.kerja.sqa.sqamobileappiumjavabdd.TestCalculatorApps" name="fungsi2Kali" time="2.784"/>
  <system-out/>
  <testcase classname="com.test.kerja.sqa.sqamobileappiumjavabdd.TestCalculatorApps" name="fungsi22Kali" time="2.744"/>
  <system-out/>
  <testcase classname="com.test.kerja.sqa.sqamobileappiumjavabdd.TestCalculatorApps" name="fungsi222Kali" time="3.256"/>
  <system-out/>
</testsuite> <!-- com.test.kerja.sqa.sqamobileappiumjavabdd.TestCalculatorApps -->
