<?xml version="1.0" encoding="UTF-8"?>
<!-- Generated by org.testng.reporters.JUnitReportReporter -->
<testsuite hostname="IRSYADMA" failures="0" tests="4" name="com.test.kerja.sqa.sqamobileappiumjavabdd.TestCalc" time="11.110" errors="0" timestamp="2022-11-29T21:40:26 ICT" skipped="0">
  <testcase classname="com.test.kerja.sqa.sqamobileappiumjavabdd.TestCalc" name="fungsi1Tambah" time="2.746"/>
  <system-out/>
  <testcase classname="com.test.kerja.sqa.sqamobileappiumjavabdd.TestCalc" name="fungsi2Kali" time="2.766"/>
  <system-out/>
  <testcase classname="com.test.kerja.sqa.sqamobileappiumjavabdd.TestCalc" name="fungsi22Kali" time="2.803"/>
  <system-out/>
  <testcase classname="com.test.kerja.sqa.sqamobileappiumjavabdd.TestCalc" name="fungsi222Kali" time="2.795"/>
  <system-out/>
</testsuite> <!-- com.test.kerja.sqa.sqamobileappiumjavabdd.TestCalc -->
