<?xml version="1.0" encoding="UTF-8"?>
<!-- Generated by org.testng.reporters.JUnitReportReporter -->
<testsuite hostname="IRSYADMA" failures="0" tests="4" name="com.test.kerja.sqa.sqamobileappiumjavabdd.TestCalculatorApps" time="11.765" errors="0" timestamp="2022-12-28T10:10:33 ICT" skipped="0">
  <testcase classname="com.test.kerja.sqa.sqamobileappiumjavabdd.TestCalculatorApps" name="fungsi1Tambah" time="2.794"/>
  <system-out/>
  <testcase classname="com.test.kerja.sqa.sqamobileappiumjavabdd.TestCalculatorApps" name="fungsi2Kali" time="2.807"/>
  <system-out/>
  <testcase classname="com.test.kerja.sqa.sqamobileappiumjavabdd.TestCalculatorApps" name="fungsi22Kali" time="2.822"/>
  <system-out/>
  <testcase classname="com.test.kerja.sqa.sqamobileappiumjavabdd.TestCalculatorApps" name="fungsi222Kali" time="3.342"/>
  <system-out/>
</testsuite> <!-- com.test.kerja.sqa.sqamobileappiumjavabdd.TestCalculatorApps -->
